<?xml version="1.0" encoding="UTF-8"?>
<!-- Generated by org.testng.reporters.JUnitXMLReporter -->
<testsuite ignored="0" hostname="DESKTOP-B9KJEIH" failures="1" tests="1" name="Flipkart" time="105.169" errors="0" timestamp="2022-10-18T21:24:16 IST">
  <testcase classname="com.Flipkart.TestClass.TC01_VerifyLoginFunctionality" name="verifyLoginFunctionality" time="0.025">
    <failure type="java.lang.NullPointerException" message="Cannot invoke &amp;quot;org.openqa.selenium.WebDriver.getTitle()&amp;quot; because &amp;quot;this.driver&amp;quot; is null">
      <![CDATA[java.lang.NullPointerException: Cannot invoke "org.openqa.selenium.WebDriver.getTitle()" because "this.driver" is null
at com.Flipkart.TestClass.TC01_VerifyLoginFunctionality.verifyLoginFunctionality(TC01_VerifyLoginFunctionality.java:18)
at java.base/java.util.concurrent.ThreadPoolExecutor.runWorker(ThreadPoolExecutor.java:1136)
at java.base/java.util.concurrent.ThreadPoolExecutor$Worker.run(ThreadPoolExecutor.java:635)
at java.base/java.lang.Thread.run(Thread.java:833)
... Removed 10 stack frames]]>
    </failure>
  </testcase> <!-- verifyLoginFunctionality -->
</testsuite> <!-- Flipkart -->
